<?xml version="1.0" encoding="UTF-8"?>
<!-- Generated by org.testng.reporters.JUnitXMLReporter -->
<testsuite hostname="DESKTOP-MVSUV92" ignored="0" name="Test3" tests="2" failures="1" timestamp="2021-08-10T11:55:44 PDT" time="47.25" errors="0">
  <testcase name="basePageNavigation" time="1.15" classname="Academy.ValidateTitle">
    <failure type="java.lang.AssertionError" message="expected [false] but found [true]">
      <![CDATA[java.lang.AssertionError: expected [false] but found [true]
at Academy.ValidateTitle.basePageNavigation(ValidateTitle.java:47)
at java.util.ArrayList.forEach(ArrayList.java:1259)
at java.util.concurrent.FutureTask.run(FutureTask.java:266)
at java.util.concurrent.ThreadPoolExecutor.runWorker(ThreadPoolExecutor.java:1149)
at java.util.concurrent.ThreadPoolExecutor$Worker.run(ThreadPoolExecutor.java:624)
at java.lang.Thread.run(Thread.java:748)
... Removed 22 stack frames]]>
    </failure>
  </testcase> <!-- basePageNavigation -->
  <testcase name="validation" time="0.843" classname="Academy.ValidateTitle"/>
</testsuite> <!-- Test3 -->
